<?xml version="1.0" encoding="UTF-8"?>
<!-- Generated by org.testng.reporters.JUnitXMLReporter -->
<testsuite hostname="DESKTOP-5L5OFSR" ignored="0" name="Test" tests="1" failures="1" timestamp="24 Apr 2021 13:48:16 GMT" time="0.099" errors="0">
  <testcase name="Test1" time="0.042" classname="com.Bluepi.Infodrive.TestScripts.SmokeSuite">
    <failure type="java.lang.NullPointerException">
      <![CDATA[java.lang.NullPointerException
at UIActions.UIActions.click(UIActions.java:12)
at com.Bluepi.Infodrive.Pages.LoginPage.login(LoginPage.java:19)
at com.Bluepi.Infodrive.TestScripts.SmokeSuite.Test1(SmokeSuite.java:20)
... Removed 25 stack frames]]>
    </failure>
  </testcase> <!-- Test1 -->
</testsuite> <!-- Test -->
